0 info it worked if it ends with ok
1 verbose cli [ 'c:\\Program Files (x86)\\nodejs\\node.exe',
1 verbose cli   'c:\\Program Files (x86)\\nodejs\\node_modules\\npm\\bin\\npm-cli.js',
1 verbose cli   'install',
1 verbose cli   '-g',
1 verbose cli   'git+ssh://git@github.com:shovon/generator-simple-react.git' ]
2 info using npm@1.4.28
3 info using node@v0.10.35
4 verbose cache add [ 'git+ssh://git@github.com:shovon/generator-simple-react.git',
4 verbose cache add   null ]
5 verbose cache add name=undefined spec="git+ssh://git@github.com:shovon/generator-simple-react.git" args=["git+ssh://git@github.com:shovon/generator-simple-react.git",null]
6 verbose parsed url { protocol: 'git+ssh:',
6 verbose parsed url   slashes: true,
6 verbose parsed url   auth: 'git',
6 verbose parsed url   host: 'github.com',
6 verbose parsed url   port: null,
6 verbose parsed url   hostname: 'github.com',
6 verbose parsed url   hash: null,
6 verbose parsed url   search: null,
6 verbose parsed url   query: null,
6 verbose parsed url   pathname: '/:shovon/generator-simple-react.git',
6 verbose parsed url   path: '/:shovon/generator-simple-react.git',
6 verbose parsed url   href: 'git+ssh://git@github.com/:shovon/generator-simple-react.git' }
7 silly lockFile 35c610ea-hovon-generator-simple-react-git git@github.com:shovon/generator-simple-react.git
8 verbose lock git@github.com:shovon/generator-simple-react.git C:\Users\Chris\AppData\Roaming\npm-cache\35c610ea-hovon-generator-simple-react-git.lock
9 verbose addRemoteGit [ 'git@github.com:shovon/generator-simple-react.git', 'master' ]
10 warn `git config --get remote.origin.url` returned wrong result (git@github.com:shovon/generator-simple-react.git)
11 error git clone git@github.com:shovon/generator-simple-react.git Cloning into bare repository 'C:\Users\Chris\AppData\Roaming\npm-cache\_git-remotes\git-github-com-shovon-generator-simple-react-git-35c610ea'...
11 error git clone git@github.com:shovon/generator-simple-react.git Warning: Permanently added the RSA host key for IP address '192.30.252.129' to the list of known hosts.
11 error git clone git@github.com:shovon/generator-simple-react.git Permission denied (publickey).
11 error git clone git@github.com:shovon/generator-simple-react.git fatal: Could not read from remote repository.
11 error git clone git@github.com:shovon/generator-simple-react.git
11 error git clone git@github.com:shovon/generator-simple-react.git Please make sure you have the correct access rights
11 error git clone git@github.com:shovon/generator-simple-react.git and the repository exists.
12 silly lockFile 35c610ea-hovon-generator-simple-react-git git@github.com:shovon/generator-simple-react.git
13 silly lockFile 35c610ea-hovon-generator-simple-react-git git@github.com:shovon/generator-simple-react.git
14 error Error: Command failed: Cloning into bare repository 'C:\Users\Chris\AppData\Roaming\npm-cache\_git-remotes\git-github-com-shovon-generator-simple-react-git-35c610ea'...
14 error Warning: Permanently added the RSA host key for IP address '192.30.252.129' to the list of known hosts.
14 error Permission denied (publickey).
14 error fatal: Could not read from remote repository.
14 error
14 error Please make sure you have the correct access rights
14 error and the repository exists.
14 error
14 error     at ChildProcess.exithandler (child_process.js:658:15)
14 error     at ChildProcess.emit (events.js:98:17)
14 error     at maybeClose (child_process.js:766:16)
14 error     at Process.ChildProcess._handle.onexit (child_process.js:833:5)
15 error If you need help, you may report this *entire* log,
15 error including the npm and node versions, at:
15 error     <http://github.com/npm/npm/issues>
16 error System Windows_NT 6.2.9200
17 error command "c:\\Program Files (x86)\\nodejs\\node.exe" "c:\\Program Files (x86)\\nodejs\\node_modules\\npm\\bin\\npm-cli.js" "install" "-g" "git+ssh://git@github.com:shovon/generator-simple-react.git"
18 error cwd c:\Users\Chris\Desktop\lab 3
19 error node -v v0.10.35
20 error npm -v 1.4.28
21 error code 128
22 verbose exit [ 1, true ]
